c:\users\강진우\desktop\downloads\simplegame (2)\simplegame\x64\debug\simplegame.pch
c:\users\강진우\desktop\downloads\simplegame (2)\simplegame\x64\debug\vc141.pdb
c:\users\강진우\desktop\downloads\simplegame (2)\simplegame\x64\debug\vc141.idb
c:\users\강진우\desktop\downloads\simplegame (2)\simplegame\x64\debug\stdafx.obj
c:\users\강진우\desktop\downloads\simplegame (2)\simplegame\x64\debug\renderer.obj
c:\users\강진우\desktop\downloads\simplegame (2)\simplegame\x64\debug\simplegame.obj
c:\users\강진우\desktop\downloads\simplegame (2)\simplegame\x64\debug\object.obj
c:\users\강진우\desktop\3학년 2학기\게임 소프트웨어 공학\main\gse_kangjinwoo_1_2012182002\simplegame\simplegame\x64\debug\simplegame.pch
c:\users\강진우\desktop\3학년 2학기\게임 소프트웨어 공학\main\gse_kangjinwoo_1_2012182002\simplegame\simplegame\x64\debug\vc141.pdb
c:\users\강진우\desktop\3학년 2학기\게임 소프트웨어 공학\main\gse_kangjinwoo_1_2012182002\simplegame\simplegame\x64\debug\vc141.idb
c:\users\강진우\desktop\3학년 2학기\게임 소프트웨어 공학\main\gse_kangjinwoo_1_2012182002\simplegame\simplegame\x64\debug\stdafx.obj
c:\users\강진우\desktop\3학년 2학기\게임 소프트웨어 공학\main\gse_kangjinwoo_1_2012182002\simplegame\simplegame\x64\debug\object.obj
c:\users\강진우\desktop\3학년 2학기\게임 소프트웨어 공학\main\gse_kangjinwoo_1_2012182002\simplegame\simplegame\x64\debug\renderer.obj
c:\users\강진우\desktop\3학년 2학기\게임 소프트웨어 공학\main\gse_kangjinwoo_1_2012182002\simplegame\simplegame\x64\debug\simplegame.obj
c:\users\강진우\desktop\downloads\simplegame (2)\x64\debug\simplegame.ilk
c:\users\강진우\desktop\downloads\simplegame (2)\x64\debug\simplegame.exe
c:\users\강진우\desktop\downloads\simplegame (2)\x64\debug\simplegame.pdb
c:\users\강진우\desktop\3학년 2학기\게임 소프트웨어 공학\main\gse_kangjinwoo_1_2012182002\simplegame\x64\debug\simplegame.exe
c:\users\강진우\desktop\3학년 2학기\게임 소프트웨어 공학\main\gse_kangjinwoo_1_2012182002\simplegame\x64\debug\simplegame.ilk
c:\users\강진우\desktop\3학년 2학기\게임 소프트웨어 공학\main\gse_kangjinwoo_1_2012182002\simplegame\x64\debug\simplegame.pdb
c:\users\강진우\documents\github\gse_kangjinwoo_1_2012182002\simplegame\simplegame\x64\debug\object.obj
c:\users\강진우\documents\github\gse_kangjinwoo_1_2012182002\simplegame\simplegame\x64\debug\renderer.obj
c:\users\강진우\documents\github\gse_kangjinwoo_1_2012182002\simplegame\simplegame\x64\debug\simplegame.obj
c:\users\강진우\documents\github\gse_kangjinwoo_1_2012182002\simplegame\simplegame\x64\debug\stdafx.obj
c:\users\강진우\documents\github\gse_kangjinwoo_1_2012182002\simplegame\simplegame\x64\debug\simplegame.pch
c:\users\강진우\documents\github\gse_kangjinwoo_1_2012182002\simplegame\simplegame\x64\debug\vc141.idb
c:\users\강진우\documents\github\gse_kangjinwoo_1_2012182002\simplegame\simplegame\x64\debug\vc141.pdb
c:\users\강진우\documents\github\gse_kangjinwoo_1_2012182002\simplegame\x64\debug\simplegame.pdb
c:\users\강진우\documents\github\gse_kangjinwoo_1_2012182002\simplegame\x64\debug\simplegame.exe
c:\users\강진우\documents\github\gse_kangjinwoo_1_2012182002\simplegame\x64\debug\simplegame.ilk
c:\users\강진우\documents\github\gse_kangjinwoo_1_2012182002\simplegame\simplegame\x64\debug\simplegame.tlog\cl.command.1.tlog
c:\users\강진우\documents\github\gse_kangjinwoo_1_2012182002\simplegame\simplegame\x64\debug\simplegame.tlog\cl.read.1.tlog
c:\users\강진우\documents\github\gse_kangjinwoo_1_2012182002\simplegame\simplegame\x64\debug\simplegame.tlog\cl.write.1.tlog
c:\users\강진우\documents\github\gse_kangjinwoo_1_2012182002\simplegame\simplegame\x64\debug\simplegame.tlog\link.command.1.tlog
c:\users\강진우\documents\github\gse_kangjinwoo_1_2012182002\simplegame\simplegame\x64\debug\simplegame.tlog\link.read.1.tlog
c:\users\강진우\documents\github\gse_kangjinwoo_1_2012182002\simplegame\simplegame\x64\debug\simplegame.tlog\link.write.1.tlog
